
  .   ____          _            __ _ _
 /\\ / ___'_ __ _ _(_)_ __  __ _ \ \ \ \
( ( )\___ | '_ | '_| | '_ \/ _` | \ \ \ \
 \\/  ___)| |_)| | | | | || (_| |  ) ) ) )
  '  |____| .__|_| |_|_| |_\__, | / / / /
 =========|_|==============|___/=/_/_/_/
 :: Spring Boot ::        (v2.1.6.RELEASE)

2019-10-25 10:15:47.842  INFO 5903 --- [           main] com.hoangnt.DemoApplication              : Starting DemoApplication v0.0.1-SNAPSHOT on lirga.novalocal with PID 5903 (/doan/target/demo-0.0.1-SNAPSHOT.jar started by root in /doan/target)
2019-10-25 10:15:47.848  INFO 5903 --- [           main] com.hoangnt.DemoApplication              : No active profile set, falling back to default profiles: default
2019-10-25 10:15:54.844  INFO 5903 --- [           main] .s.d.r.c.RepositoryConfigurationDelegate : Bootstrapping Spring Data repositories in DEFAULT mode.
2019-10-25 10:15:55.531  INFO 5903 --- [           main] .s.d.r.c.RepositoryConfigurationDelegate : Finished Spring Data repository scanning in 633ms. Found 8 repository interfaces.
2019-10-25 10:15:58.104  INFO 5903 --- [           main] trationDelegate$BeanPostProcessorChecker : Bean 'org.springframework.transaction.annotation.ProxyTransactionManagementConfiguration' of type [org.springframework.transaction.annotation.ProxyTransactionManagementConfiguration$$EnhancerBySpringCGLIB$$29f1be7d] is not eligible for getting processed by all BeanPostProcessors (for example: not eligible for auto-proxying)
2019-10-25 10:15:58.395  INFO 5903 --- [           main] trationDelegate$BeanPostProcessorChecker : Bean 'org.springframework.security.config.annotation.configuration.ObjectPostProcessorConfiguration' of type [org.springframework.security.config.annotation.configuration.ObjectPostProcessorConfiguration$$EnhancerBySpringCGLIB$$c29f86b7] is not eligible for getting processed by all BeanPostProcessors (for example: not eligible for auto-proxying)
2019-10-25 10:15:58.443  INFO 5903 --- [           main] trationDelegate$BeanPostProcessorChecker : Bean 'objectPostProcessor' of type [org.springframework.security.config.annotation.configuration.AutowireBeanFactoryObjectPostProcessor] is not eligible for getting processed by all BeanPostProcessors (for example: not eligible for auto-proxying)
2019-10-25 10:15:58.446  INFO 5903 --- [           main] trationDelegate$BeanPostProcessorChecker : Bean 'org.springframework.security.access.expression.method.DefaultMethodSecurityExpressionHandler@49e53c76' of type [org.springframework.security.access.expression.method.DefaultMethodSecurityExpressionHandler] is not eligible for getting processed by all BeanPostProcessors (for example: not eligible for auto-proxying)
2019-10-25 10:15:58.448  INFO 5903 --- [           main] trationDelegate$BeanPostProcessorChecker : Bean 'org.springframework.security.config.annotation.method.configuration.GlobalMethodSecurityConfiguration' of type [org.springframework.security.config.annotation.method.configuration.GlobalMethodSecurityConfiguration$$EnhancerBySpringCGLIB$$e7742969] is not eligible for getting processed by all BeanPostProcessors (for example: not eligible for auto-proxying)
2019-10-25 10:15:58.468  INFO 5903 --- [           main] trationDelegate$BeanPostProcessorChecker : Bean 'methodSecurityMetadataSource' of type [org.springframework.security.access.method.DelegatingMethodSecurityMetadataSource] is not eligible for getting processed by all BeanPostProcessors (for example: not eligible for auto-proxying)
2019-10-25 10:16:00.583  INFO 5903 --- [           main] o.s.b.w.embedded.tomcat.TomcatWebServer  : Tomcat initialized with port(s): 9090 (http)
2019-10-25 10:16:00.894  INFO 5903 --- [           main] o.apache.catalina.core.StandardService   : Starting service [Tomcat]
2019-10-25 10:16:00.895  INFO 5903 --- [           main] org.apache.catalina.core.StandardEngine  : Starting Servlet engine: [Apache Tomcat/9.0.21]
2019-10-25 10:16:01.630  INFO 5903 --- [           main] o.a.c.c.C.[Tomcat].[localhost].[/]       : Initializing Spring embedded WebApplicationContext
2019-10-25 10:16:01.631  INFO 5903 --- [           main] o.s.web.context.ContextLoader            : Root WebApplicationContext: initialization completed in 13332 ms
2019-10-25 10:16:03.282  INFO 5903 --- [           main] com.zaxxer.hikari.HikariDataSource       : HikariPool-1 - Starting...
2019-10-25 10:16:04.292  INFO 5903 --- [           main] com.zaxxer.hikari.HikariDataSource       : HikariPool-1 - Start completed.
2019-10-25 10:16:04.845  INFO 5903 --- [           main] o.hibernate.jpa.internal.util.LogHelper  : HHH000204: Processing PersistenceUnitInfo [
	name: default
	...]
2019-10-25 10:16:05.268  INFO 5903 --- [           main] org.hibernate.Version                    : HHH000412: Hibernate Core {5.3.10.Final}
2019-10-25 10:16:05.294  INFO 5903 --- [           main] org.hibernate.cfg.Environment            : HHH000206: hibernate.properties not found
2019-10-25 10:16:05.941  INFO 5903 --- [           main] o.hibernate.annotations.common.Version   : HCANN000001: Hibernate Commons Annotations {5.0.4.Final}
2019-10-25 10:16:07.195  INFO 5903 --- [           main] org.hibernate.dialect.Dialect            : HHH000400: Using dialect: org.hibernate.dialect.MySQLDialect
2019-10-25 10:16:11.550  INFO 5903 --- [           main] j.LocalContainerEntityManagerFactoryBean : Initialized JPA EntityManagerFactory for persistence unit 'default'
2019-10-25 10:16:13.447  INFO 5903 --- [           main] o.h.h.i.QueryTranslatorFactoryInitiator  : HHH000397: Using ASTQueryTranslatorFactory
2019-10-25 10:16:17.847  INFO 5903 --- [           main] o.s.s.web.DefaultSecurityFilterChain     : Creating filter chain: any request, [org.springframework.security.web.context.request.async.WebAsyncManagerIntegrationFilter@4bef0fe3, org.springframework.security.web.context.SecurityContextPersistenceFilter@5b43fbf6, org.springframework.security.web.header.HeaderWriterFilter@47db5fa5, org.springframework.security.web.authentication.logout.LogoutFilter@6d304f9d, com.hoangnt.config.JWTAuthenticationFilter@33aeca0b, org.springframework.security.web.savedrequest.RequestCacheAwareFilter@58ebfd03, org.springframework.security.web.servletapi.SecurityContextHolderAwareRequestFilter@a4b2d8f, org.springframework.security.web.authentication.AnonymousAuthenticationFilter@62ea3440, org.springframework.security.web.session.SessionManagementFilter@41813449, org.springframework.security.web.access.ExceptionTranslationFilter@12bcd0c0, org.springframework.security.web.access.intercept.FilterSecurityInterceptor@19fb8826]
2019-10-25 10:16:19.424  INFO 5903 --- [           main] o.s.s.concurrent.ThreadPoolTaskExecutor  : Initializing ExecutorService 'applicationTaskExecutor'
2019-10-25 10:16:19.784  WARN 5903 --- [           main] aWebConfiguration$JpaWebMvcConfiguration : spring.jpa.open-in-view is enabled by default. Therefore, database queries may be performed during view rendering. Explicitly configure spring.jpa.open-in-view to disable this warning
2019-10-25 10:16:21.653  INFO 5903 --- [           main] o.s.b.w.embedded.tomcat.TomcatWebServer  : Tomcat started on port(s): 9090 (http) with context path ''
2019-10-25 10:16:21.657  INFO 5903 --- [           main] com.hoangnt.DemoApplication              : Started DemoApplication in 36.93 seconds (JVM running for 39.339)
2019-10-25 10:16:58.959  INFO 5903 --- [nio-9090-exec-1] o.a.c.c.C.[Tomcat].[localhost].[/]       : Initializing Spring DispatcherServlet 'dispatcherServlet'
2019-10-25 10:16:58.962  INFO 5903 --- [nio-9090-exec-1] o.s.web.servlet.DispatcherServlet        : Initializing Servlet 'dispatcherServlet'
2019-10-25 10:16:59.057  INFO 5903 --- [nio-9090-exec-1] o.s.web.servlet.DispatcherServlet        : Completed initialization in 95 ms
2019-10-25 10:16:59.186  WARN 5903 --- [nio-9090-exec-1] c.h.config.JWTAuthenticationFilter       : couldn't find bearer string on header
[ROLE_MANAGER]
org.springframework.security.core.userdetails.User@bd0a1981: Username: torihoang1@gmail.com; Password: [PROTECTED]; Enabled: true; AccountNonExpired: true; credentialsNonExpired: true; AccountNonLocked: true; Granted Authorities: ROLE_MANAGER
[ROLE_MANAGER]
org.springframework.security.core.userdetails.User@bd0a1981: Username: torihoang1@gmail.com; Password: [PROTECTED]; Enabled: true; AccountNonExpired: true; credentialsNonExpired: true; AccountNonLocked: true; Granted Authorities: ROLE_MANAGER
[ROLE_MANAGER]
org.springframework.security.core.userdetails.User@bd0a1981: Username: torihoang1@gmail.com; Password: [PROTECTED]; Enabled: true; AccountNonExpired: true; credentialsNonExpired: true; AccountNonLocked: true; Granted Authorities: ROLE_MANAGER
2019-10-25 10:17:34.461 ERROR 5903 --- [nio-9090-exec-4] o.a.c.c.C.[.[.[/].[dispatcherServlet]    : Servlet.service() for servlet [dispatcherServlet] in context with path [] threw exception

java.nio.file.NoSuchFileException: /doan/target/src/main/resources/upload-dir/536528NOINAYCOANH.jpg
	at sun.nio.fs.UnixException.translateToIOException(UnixException.java:86) ~[na:1.8.0_222]
	at sun.nio.fs.UnixException.rethrowAsIOException(UnixException.java:102) ~[na:1.8.0_222]
	at sun.nio.fs.UnixException.rethrowAsIOException(UnixException.java:107) ~[na:1.8.0_222]
	at sun.nio.fs.UnixFileSystemProvider.newByteChannel(UnixFileSystemProvider.java:214) ~[na:1.8.0_222]
	at java.nio.file.spi.FileSystemProvider.newOutputStream(FileSystemProvider.java:434) ~[na:1.8.0_222]
	at java.nio.file.Files.newOutputStream(Files.java:216) ~[na:1.8.0_222]
	at java.nio.file.Files.copy(Files.java:3016) ~[na:1.8.0_222]
	at com.hoangnt.controller.UserController.store(UserController.java:161) ~[classes!/:0.0.1-SNAPSHOT]
	at com.hoangnt.controller.UserController.updateImageUser(UserController.java:146) ~[classes!/:0.0.1-SNAPSHOT]
	at com.hoangnt.controller.UserController$$FastClassBySpringCGLIB$$9a0f017.invoke(<generated>) ~[classes!/:0.0.1-SNAPSHOT]
	at org.springframework.cglib.proxy.MethodProxy.invoke(MethodProxy.java:218) ~[spring-core-5.1.8.RELEASE.jar!/:5.1.8.RELEASE]
	at org.springframework.aop.framework.CglibAopProxy$CglibMethodInvocation.invokeJoinpoint(CglibAopProxy.java:749) ~[spring-aop-5.1.8.RELEASE.jar!/:5.1.8.RELEASE]
	at org.springframework.aop.framework.ReflectiveMethodInvocation.proceed(ReflectiveMethodInvocation.java:163) ~[spring-aop-5.1.8.RELEASE.jar!/:5.1.8.RELEASE]
	at org.springframework.transaction.interceptor.TransactionAspectSupport.invokeWithinTransaction(TransactionAspectSupport.java:295) ~[spring-tx-5.1.8.RELEASE.jar!/:5.1.8.RELEASE]
	at org.springframework.transaction.interceptor.TransactionInterceptor.invoke(TransactionInterceptor.java:98) ~[spring-tx-5.1.8.RELEASE.jar!/:5.1.8.RELEASE]
	at org.springframework.aop.framework.ReflectiveMethodInvocation.proceed(ReflectiveMethodInvocation.java:186) ~[spring-aop-5.1.8.RELEASE.jar!/:5.1.8.RELEASE]
	at org.springframework.security.access.intercept.aopalliance.MethodSecurityInterceptor.invoke(MethodSecurityInterceptor.java:69) ~[spring-security-core-5.1.5.RELEASE.jar!/:5.1.5.RELEASE]
	at org.springframework.aop.framework.ReflectiveMethodInvocation.proceed(ReflectiveMethodInvocation.java:186) ~[spring-aop-5.1.8.RELEASE.jar!/:5.1.8.RELEASE]
	at org.springframework.aop.framework.CglibAopProxy$DynamicAdvisedInterceptor.intercept(CglibAopProxy.java:688) ~[spring-aop-5.1.8.RELEASE.jar!/:5.1.8.RELEASE]
	at com.hoangnt.controller.UserController$$EnhancerBySpringCGLIB$$11476d45.updateImageUser(<generated>) ~[classes!/:0.0.1-SNAPSHOT]
	at sun.reflect.NativeMethodAccessorImpl.invoke0(Native Method) ~[na:1.8.0_222]
	at sun.reflect.NativeMethodAccessorImpl.invoke(NativeMethodAccessorImpl.java:62) ~[na:1.8.0_222]
	at sun.reflect.DelegatingMethodAccessorImpl.invoke(DelegatingMethodAccessorImpl.java:43) ~[na:1.8.0_222]
	at java.lang.reflect.Method.invoke(Method.java:498) ~[na:1.8.0_222]
	at org.springframework.web.method.support.InvocableHandlerMethod.doInvoke(InvocableHandlerMethod.java:190) ~[spring-web-5.1.8.RELEASE.jar!/:5.1.8.RELEASE]
	at org.springframework.web.method.support.InvocableHandlerMethod.invokeForRequest(InvocableHandlerMethod.java:138) ~[spring-web-5.1.8.RELEASE.jar!/:5.1.8.RELEASE]
	at org.springframework.web.servlet.mvc.method.annotation.ServletInvocableHandlerMethod.invokeAndHandle(ServletInvocableHandlerMethod.java:104) ~[spring-webmvc-5.1.8.RELEASE.jar!/:5.1.8.RELEASE]
	at org.springframework.web.servlet.mvc.method.annotation.RequestMappingHandlerAdapter.invokeHandlerMethod(RequestMappingHandlerAdapter.java:892) ~[spring-webmvc-5.1.8.RELEASE.jar!/:5.1.8.RELEASE]
	at org.springframework.web.servlet.mvc.method.annotation.RequestMappingHandlerAdapter.handleInternal(RequestMappingHandlerAdapter.java:797) ~[spring-webmvc-5.1.8.RELEASE.jar!/:5.1.8.RELEASE]
	at org.springframework.web.servlet.mvc.method.AbstractHandlerMethodAdapter.handle(AbstractHandlerMethodAdapter.java:87) ~[spring-webmvc-5.1.8.RELEASE.jar!/:5.1.8.RELEASE]
	at org.springframework.web.servlet.DispatcherServlet.doDispatch(DispatcherServlet.java:1039) ~[spring-webmvc-5.1.8.RELEASE.jar!/:5.1.8.RELEASE]
	at org.springframework.web.servlet.DispatcherServlet.doService(DispatcherServlet.java:942) ~[spring-webmvc-5.1.8.RELEASE.jar!/:5.1.8.RELEASE]
	at org.springframework.web.servlet.FrameworkServlet.processRequest(FrameworkServlet.java:1005) ~[spring-webmvc-5.1.8.RELEASE.jar!/:5.1.8.RELEASE]
	at org.springframework.web.servlet.FrameworkServlet.doPut(FrameworkServlet.java:919) ~[spring-webmvc-5.1.8.RELEASE.jar!/:5.1.8.RELEASE]
	at javax.servlet.http.HttpServlet.service(HttpServlet.java:663) ~[tomcat-embed-core-9.0.21.jar!/:9.0.21]
	at org.springframework.web.servlet.FrameworkServlet.service(FrameworkServlet.java:882) ~[spring-webmvc-5.1.8.RELEASE.jar!/:5.1.8.RELEASE]
	at javax.servlet.http.HttpServlet.service(HttpServlet.java:741) ~[tomcat-embed-core-9.0.21.jar!/:9.0.21]
	at org.apache.catalina.core.ApplicationFilterChain.internalDoFilter(ApplicationFilterChain.java:231) ~[tomcat-embed-core-9.0.21.jar!/:9.0.21]
	at org.apache.catalina.core.ApplicationFilterChain.doFilter(ApplicationFilterChain.java:166) ~[tomcat-embed-core-9.0.21.jar!/:9.0.21]
	at org.apache.tomcat.websocket.server.WsFilter.doFilter(WsFilter.java:53) ~[tomcat-embed-websocket-9.0.21.jar!/:9.0.21]
	at org.apache.catalina.core.ApplicationFilterChain.internalDoFilter(ApplicationFilterChain.java:193) ~[tomcat-embed-core-9.0.21.jar!/:9.0.21]
	at org.apache.catalina.core.ApplicationFilterChain.doFilter(ApplicationFilterChain.java:166) ~[tomcat-embed-core-9.0.21.jar!/:9.0.21]
	at org.springframework.web.filter.OncePerRequestFilter.doFilter(OncePerRequestFilter.java:103) ~[spring-web-5.1.8.RELEASE.jar!/:5.1.8.RELEASE]
	at org.apache.catalina.core.ApplicationFilterChain.internalDoFilter(ApplicationFilterChain.java:193) ~[tomcat-embed-core-9.0.21.jar!/:9.0.21]
	at org.apache.catalina.core.ApplicationFilterChain.doFilter(ApplicationFilterChain.java:166) ~[tomcat-embed-core-9.0.21.jar!/:9.0.21]
	at org.springframework.security.web.FilterChainProxy$VirtualFilterChain.doFilter(FilterChainProxy.java:320) ~[spring-security-web-5.1.5.RELEASE.jar!/:5.1.5.RELEASE]
	at org.springframework.security.web.access.intercept.FilterSecurityInterceptor.invoke(FilterSecurityInterceptor.java:127) ~[spring-security-web-5.1.5.RELEASE.jar!/:5.1.5.RELEASE]
	at org.springframework.security.web.access.intercept.FilterSecurityInterceptor.doFilter(FilterSecurityInterceptor.java:91) ~[spring-security-web-5.1.5.RELEASE.jar!/:5.1.5.RELEASE]
	at org.springframework.security.web.FilterChainProxy$VirtualFilterChain.doFilter(FilterChainProxy.java:334) ~[spring-security-web-5.1.5.RELEASE.jar!/:5.1.5.RELEASE]
	at org.springframework.security.web.access.ExceptionTranslationFilter.doFilter(ExceptionTranslationFilter.java:119) ~[spring-security-web-5.1.5.RELEASE.jar!/:5.1.5.RELEASE]
	at org.springframework.security.web.FilterChainProxy$VirtualFilterChain.doFilter(FilterChainProxy.java:334) ~[spring-security-web-5.1.5.RELEASE.jar!/:5.1.5.RELEASE]
	at org.springframework.security.web.session.SessionManagementFilter.doFilter(SessionManagementFilter.java:137) ~[spring-security-web-5.1.5.RELEASE.jar!/:5.1.5.RELEASE]
	at org.springframework.security.web.FilterChainProxy$VirtualFilterChain.doFilter(FilterChainProxy.java:334) ~[spring-security-web-5.1.5.RELEASE.jar!/:5.1.5.RELEASE]
	at org.springframework.security.web.authentication.AnonymousAuthenticationFilter.doFilter(AnonymousAuthenticationFilter.java:111) ~[spring-security-web-5.1.5.RELEASE.jar!/:5.1.5.RELEASE]
	at org.springframework.security.web.FilterChainProxy$VirtualFilterChain.doFilter(FilterChainProxy.java:334) ~[spring-security-web-5.1.5.RELEASE.jar!/:5.1.5.RELEASE]
	at org.springframework.security.web.servletapi.SecurityContextHolderAwareRequestFilter.doFilter(SecurityContextHolderAwareRequestFilter.java:170) ~[spring-security-web-5.1.5.RELEASE.jar!/:5.1.5.RELEASE]
	at org.springframework.security.web.FilterChainProxy$VirtualFilterChain.doFilter(FilterChainProxy.java:334) ~[spring-security-web-5.1.5.RELEASE.jar!/:5.1.5.RELEASE]
	at org.springframework.security.web.savedrequest.RequestCacheAwareFilter.doFilter(RequestCacheAwareFilter.java:63) ~[spring-security-web-5.1.5.RELEASE.jar!/:5.1.5.RELEASE]
	at org.springframework.security.web.FilterChainProxy$VirtualFilterChain.doFilter(FilterChainProxy.java:334) ~[spring-security-web-5.1.5.RELEASE.jar!/:5.1.5.RELEASE]
	at com.hoangnt.config.JWTAuthenticationFilter.doFilterInternal(JWTAuthenticationFilter.java:58) ~[classes!/:0.0.1-SNAPSHOT]
	at org.springframework.web.filter.OncePerRequestFilter.doFilter(OncePerRequestFilter.java:109) ~[spring-web-5.1.8.RELEASE.jar!/:5.1.8.RELEASE]
	at org.springframework.security.web.FilterChainProxy$VirtualFilterChain.doFilter(FilterChainProxy.java:334) ~[spring-security-web-5.1.5.RELEASE.jar!/:5.1.5.RELEASE]
	at org.springframework.security.web.authentication.logout.LogoutFilter.doFilter(LogoutFilter.java:116) ~[spring-security-web-5.1.5.RELEASE.jar!/:5.1.5.RELEASE]
	at org.springframework.security.web.FilterChainProxy$VirtualFilterChain.doFilter(FilterChainProxy.java:334) ~[spring-security-web-5.1.5.RELEASE.jar!/:5.1.5.RELEASE]
	at org.springframework.security.web.header.HeaderWriterFilter.doFilterInternal(HeaderWriterFilter.java:74) ~[spring-security-web-5.1.5.RELEASE.jar!/:5.1.5.RELEASE]
	at org.springframework.web.filter.OncePerRequestFilter.doFilter(OncePerRequestFilter.java:109) ~[spring-web-5.1.8.RELEASE.jar!/:5.1.8.RELEASE]
	at org.springframework.security.web.FilterChainProxy$VirtualFilterChain.doFilter(FilterChainProxy.java:334) ~[spring-security-web-5.1.5.RELEASE.jar!/:5.1.5.RELEASE]
	at org.springframework.security.web.context.SecurityContextPersistenceFilter.doFilter(SecurityContextPersistenceFilter.java:105) ~[spring-security-web-5.1.5.RELEASE.jar!/:5.1.5.RELEASE]
	at org.springframework.security.web.FilterChainProxy$VirtualFilterChain.doFilter(FilterChainProxy.java:334) ~[spring-security-web-5.1.5.RELEASE.jar!/:5.1.5.RELEASE]
	at org.springframework.security.web.context.request.async.WebAsyncManagerIntegrationFilter.doFilterInternal(WebAsyncManagerIntegrationFilter.java:56) ~[spring-security-web-5.1.5.RELEASE.jar!/:5.1.5.RELEASE]
	at org.springframework.web.filter.OncePerRequestFilter.doFilter(OncePerRequestFilter.java:109) ~[spring-web-5.1.8.RELEASE.jar!/:5.1.8.RELEASE]
	at org.springframework.security.web.FilterChainProxy$VirtualFilterChain.doFilter(FilterChainProxy.java:334) ~[spring-security-web-5.1.5.RELEASE.jar!/:5.1.5.RELEASE]
	at org.springframework.security.web.FilterChainProxy.doFilterInternal(FilterChainProxy.java:215) ~[spring-security-web-5.1.5.RELEASE.jar!/:5.1.5.RELEASE]
	at org.springframework.security.web.FilterChainProxy.doFilter(FilterChainProxy.java:178) ~[spring-security-web-5.1.5.RELEASE.jar!/:5.1.5.RELEASE]
	at org.springframework.web.filter.DelegatingFilterProxy.invokeDelegate(DelegatingFilterProxy.java:357) ~[spring-web-5.1.8.RELEASE.jar!/:5.1.8.RELEASE]
	at org.springframework.web.filter.DelegatingFilterProxy.doFilter(DelegatingFilterProxy.java:270) ~[spring-web-5.1.8.RELEASE.jar!/:5.1.8.RELEASE]
	at org.apache.catalina.core.ApplicationFilterChain.internalDoFilter(ApplicationFilterChain.java:193) ~[tomcat-embed-core-9.0.21.jar!/:9.0.21]
	at org.apache.catalina.core.ApplicationFilterChain.doFilter(ApplicationFilterChain.java:166) ~[tomcat-embed-core-9.0.21.jar!/:9.0.21]
	at org.springframework.web.filter.RequestContextFilter.doFilterInternal(RequestContextFilter.java:99) ~[spring-web-5.1.8.RELEASE.jar!/:5.1.8.RELEASE]
	at org.springframework.web.filter.OncePerRequestFilter.doFilter(OncePerRequestFilter.java:109) ~[spring-web-5.1.8.RELEASE.jar!/:5.1.8.RELEASE]
	at org.apache.catalina.core.ApplicationFilterChain.internalDoFilter(ApplicationFilterChain.java:193) ~[tomcat-embed-core-9.0.21.jar!/:9.0.21]
	at org.apache.catalina.core.ApplicationFilterChain.doFilter(ApplicationFilterChain.java:166) ~[tomcat-embed-core-9.0.21.jar!/:9.0.21]
	at org.springframework.web.filter.FormContentFilter.doFilterInternal(FormContentFilter.java:92) ~[spring-web-5.1.8.RELEASE.jar!/:5.1.8.RELEASE]
	at org.springframework.web.filter.OncePerRequestFilter.doFilter(OncePerRequestFilter.java:109) ~[spring-web-5.1.8.RELEASE.jar!/:5.1.8.RELEASE]
	at org.apache.catalina.core.ApplicationFilterChain.internalDoFilter(ApplicationFilterChain.java:193) ~[tomcat-embed-core-9.0.21.jar!/:9.0.21]
	at org.apache.catalina.core.ApplicationFilterChain.doFilter(ApplicationFilterChain.java:166) ~[tomcat-embed-core-9.0.21.jar!/:9.0.21]
	at org.springframework.web.filter.HiddenHttpMethodFilter.doFilterInternal(HiddenHttpMethodFilter.java:93) ~[spring-web-5.1.8.RELEASE.jar!/:5.1.8.RELEASE]
	at org.springframework.web.filter.OncePerRequestFilter.doFilter(OncePerRequestFilter.java:109) ~[spring-web-5.1.8.RELEASE.jar!/:5.1.8.RELEASE]
	at org.apache.catalina.core.ApplicationFilterChain.internalDoFilter(ApplicationFilterChain.java:193) ~[tomcat-embed-core-9.0.21.jar!/:9.0.21]
	at org.apache.catalina.core.ApplicationFilterChain.doFilter(ApplicationFilterChain.java:166) ~[tomcat-embed-core-9.0.21.jar!/:9.0.21]
	at org.springframework.web.filter.CharacterEncodingFilter.doFilterInternal(CharacterEncodingFilter.java:200) ~[spring-web-5.1.8.RELEASE.jar!/:5.1.8.RELEASE]
	at org.springframework.web.filter.OncePerRequestFilter.doFilter(OncePerRequestFilter.java:109) ~[spring-web-5.1.8.RELEASE.jar!/:5.1.8.RELEASE]
	at org.apache.catalina.core.ApplicationFilterChain.internalDoFilter(ApplicationFilterChain.java:193) ~[tomcat-embed-core-9.0.21.jar!/:9.0.21]
	at org.apache.catalina.core.ApplicationFilterChain.doFilter(ApplicationFilterChain.java:166) ~[tomcat-embed-core-9.0.21.jar!/:9.0.21]
	at org.apache.catalina.core.StandardWrapperValve.invoke(StandardWrapperValve.java:202) ~[tomcat-embed-core-9.0.21.jar!/:9.0.21]
	at org.apache.catalina.core.StandardContextValve.invoke(StandardContextValve.java:96) [tomcat-embed-core-9.0.21.jar!/:9.0.21]
	at org.apache.catalina.authenticator.AuthenticatorBase.invoke(AuthenticatorBase.java:490) [tomcat-embed-core-9.0.21.jar!/:9.0.21]
	at org.apache.catalina.core.StandardHostValve.invoke(StandardHostValve.java:139) [tomcat-embed-core-9.0.21.jar!/:9.0.21]
	at org.apache.catalina.valves.ErrorReportValve.invoke(ErrorReportValve.java:92) [tomcat-embed-core-9.0.21.jar!/:9.0.21]
	at org.apache.catalina.core.StandardEngineValve.invoke(StandardEngineValve.java:74) [tomcat-embed-core-9.0.21.jar!/:9.0.21]
	at org.apache.catalina.connector.CoyoteAdapter.service(CoyoteAdapter.java:343) [tomcat-embed-core-9.0.21.jar!/:9.0.21]
	at org.apache.coyote.http11.Http11Processor.service(Http11Processor.java:408) [tomcat-embed-core-9.0.21.jar!/:9.0.21]
	at org.apache.coyote.AbstractProcessorLight.process(AbstractProcessorLight.java:66) [tomcat-embed-core-9.0.21.jar!/:9.0.21]
	at org.apache.coyote.AbstractProtocol$ConnectionHandler.process(AbstractProtocol.java:853) [tomcat-embed-core-9.0.21.jar!/:9.0.21]
	at org.apache.tomcat.util.net.NioEndpoint$SocketProcessor.doRun(NioEndpoint.java:1587) [tomcat-embed-core-9.0.21.jar!/:9.0.21]
	at org.apache.tomcat.util.net.SocketProcessorBase.run(SocketProcessorBase.java:49) [tomcat-embed-core-9.0.21.jar!/:9.0.21]
	at java.util.concurrent.ThreadPoolExecutor.runWorker(ThreadPoolExecutor.java:1149) [na:1.8.0_222]
	at java.util.concurrent.ThreadPoolExecutor$Worker.run(ThreadPoolExecutor.java:624) [na:1.8.0_222]
	at org.apache.tomcat.util.threads.TaskThread$WrappingRunnable.run(TaskThread.java:61) [tomcat-embed-core-9.0.21.jar!/:9.0.21]
	at java.lang.Thread.run(Thread.java:748) [na:1.8.0_222]

2019-10-25 10:31:15.802  INFO 5903 --- [       Thread-3] o.s.s.concurrent.ThreadPoolTaskExecutor  : Shutting down ExecutorService 'applicationTaskExecutor'
2019-10-25 10:31:15.808  INFO 5903 --- [       Thread-3] j.LocalContainerEntityManagerFactoryBean : Closing JPA EntityManagerFactory for persistence unit 'default'
2019-10-25 10:31:15.838  INFO 5903 --- [       Thread-3] com.zaxxer.hikari.HikariDataSource       : HikariPool-1 - Shutdown initiated...
2019-10-25 10:31:15.867  INFO 5903 --- [       Thread-3] com.zaxxer.hikari.HikariDataSource       : HikariPool-1 - Shutdown completed.
